<?xml version="1.0" encoding="UTF-8"?>
<testng-results total="2" passed="2" failed="0" skipped="0">
  <reporter-output>
    <line>
      <![CDATA[Application opened]]>
    </line>
    <line>
      <![CDATA[Application opened]]>
    </line>
  </reporter-output>
  <suite started-at="2023-02-14T01:23:54Z" name="Suite1" finished-at="2023-02-14T01:24:13Z" duration-ms="18849">
    <groups>
    </groups>
    <test started-at="2023-02-14T01:23:54Z" name="Regression1" finished-at="2023-02-14T01:24:13Z" duration-ms="18849">
      <class name="com.hrms.testscript.TC001">
        <test-method signature="tc001()[pri:0, instance:com.hrms.testscript.TC001@c667f46]" started-at="2023-02-14T06:53:54Z" name="tc001" finished-at="2023-02-14T06:54:03Z" duration-ms="9490" status="PASS">
          <reporter-output>
            <line>
              <![CDATA[Application opened]]>
            </line>
          </reporter-output>
        </test-method> <!-- tc001 -->
      </class> <!-- com.hrms.testscript.TC001 -->
      <class name="com.hrms.testscript.TC002">
        <test-method signature="tc00()[pri:0, instance:com.hrms.testscript.TC002@6f8e8894]" started-at="2023-02-14T06:54:03Z" name="tc00" finished-at="2023-02-14T06:54:13Z" duration-ms="9341" status="PASS">
          <reporter-output>
            <line>
              <![CDATA[Application opened]]>
            </line>
          </reporter-output>
        </test-method> <!-- tc00 -->
      </class> <!-- com.hrms.testscript.TC002 -->
    </test> <!-- Regression1 -->
  </suite> <!-- Suite1 -->
</testng-results>
